2025-03-18 13:34:56,810 - calendar_sync - INFO - 开始获取日历数据
2025-03-18 13:34:56,916 - calendar_sync - INFO - 成功获取日历数据，共 21 条记录
2025-03-18 13:34:56,916 - calendar_sync - INFO - 获取从 2025-03-18 到 2025-03-25 的日历事件
2025-03-18 13:34:56,919 - calendar_sync - INFO - 成功创建ICS文件，包含 19 个事件
2025-03-18 13:34:56,919 - calendar_sync - INFO - ICS文件已生成: calendar_files/wsc_events.ics
2025-03-18 13:34:56,919 - calendar_sync - INFO - 请将此文件导入到iOS日历应用中
2025-03-18 14:24:29,971 - calendar_sync - INFO - 开始获取日历数据
2025-03-18 14:24:30,257 - calendar_sync - INFO - 成功获取日历数据，共 21 条记录
2025-03-18 14:24:30,258 - calendar_sync - INFO - 获取从 2025-03-18 到 2025-03-25 的日历事件
2025-03-18 14:24:30,264 - calendar_sync - INFO - 成功创建ICS文件，包含 19 个事件
2025-03-18 14:24:30,264 - calendar_sync - INFO - ICS文件已生成: calendar_files/wsc_events.ics
2025-03-18 14:24:30,264 - calendar_sync - INFO - 请将此文件导入到iOS日历应用中
2025-03-18 15:12:47,038 - calendar_sync - INFO - 开始获取日历数据
2025-03-18 15:12:47,121 - calendar_sync - INFO - 成功获取日历数据，共 21 条记录
2025-03-18 15:12:47,121 - calendar_sync - INFO - 获取从 2025-03-18 到 2025-03-25 的日历事件
2025-03-18 15:12:47,124 - calendar_sync - INFO - 成功创建ICS文件，包含 19 个事件
2025-03-18 15:12:47,125 - calendar_sync - INFO - ICS文件已生成: calendar_files/wsc_events.ics
2025-03-18 15:12:47,125 - calendar_sync - INFO - 请将此文件导入到iOS日历应用中
2025-03-18 15:12:47,125 - calendar_sync - ERROR - 腾讯云COS配置不完整，请设置环境变量或在脚本中直接配置
2025-03-18 15:12:47,125 - calendar_sync - ERROR - ICS文件上传到腾讯云COS失败
2025-03-18 15:13:15,015 - calendar_sync - INFO - 开始获取日历数据
2025-03-18 15:13:17,181 - calendar_sync - INFO - 成功获取日历数据，共 21 条记录
2025-03-18 15:13:17,182 - calendar_sync - INFO - 获取从 2025-03-18 到 2025-03-25 的日历事件
2025-03-18 15:13:17,188 - calendar_sync - INFO - 成功创建ICS文件，包含 19 个事件
2025-03-18 15:13:17,188 - calendar_sync - INFO - ICS文件已生成: calendar_files/wsc_events.ics
2025-03-18 15:13:17,188 - calendar_sync - INFO - 请将此文件导入到iOS日历应用中
2025-03-18 15:13:17,188 - calendar_sync - ERROR - 腾讯云COS配置不完整，请设置环境变量或在脚本中直接配置
2025-03-18 15:13:17,188 - calendar_sync - ERROR - ICS文件上传到腾讯云COS失败
2025-03-18 15:14:06,702 - calendar_sync - INFO - 开始获取日历数据
2025-03-18 15:14:06,771 - calendar_sync - INFO - 成功获取日历数据，共 21 条记录
2025-03-18 15:14:06,771 - calendar_sync - INFO - 获取从 2025-03-18 到 2025-03-25 的日历事件
2025-03-18 15:14:06,774 - calendar_sync - INFO - 成功创建ICS文件，包含 19 个事件
2025-03-18 15:14:06,774 - calendar_sync - INFO - ICS文件已生成: calendar_files/wsc_events.ics
2025-03-18 15:14:06,774 - calendar_sync - INFO - 请将此文件导入到iOS日历应用中
2025-03-18 15:14:06,774 - calendar_sync - ERROR - 腾讯云COS配置不完整，请设置环境变量或在脚本中直接配置
2025-03-18 15:14:06,774 - calendar_sync - ERROR - ICS文件上传到腾讯云COS失败
2025-03-18 15:15:24,189 - calendar_sync - INFO - 开始获取日历数据
2025-03-18 15:15:24,242 - calendar_sync - INFO - 成功获取日历数据，共 21 条记录
2025-03-18 15:15:24,242 - calendar_sync - INFO - 获取从 2025-03-18 到 2025-03-25 的日历事件
2025-03-18 15:15:24,245 - calendar_sync - INFO - 成功创建ICS文件，包含 19 个事件
2025-03-18 15:15:24,245 - calendar_sync - INFO - ICS文件已生成: calendar_files/wsc_events.ics
2025-03-18 15:15:24,245 - calendar_sync - INFO - 请将此文件导入到iOS日历应用中
2025-03-18 15:15:24,245 - calendar_sync - ERROR - 腾讯云COS配置不完整，请设置环境变量或在脚本中直接配置
2025-03-18 15:15:24,245 - calendar_sync - ERROR - ICS文件上传到腾讯云COS失败
2025-03-18 15:16:46,548 - calendar_sync - INFO - 开始获取日历数据
2025-03-18 15:16:46,644 - calendar_sync - INFO - 成功获取日历数据，共 21 条记录
2025-03-18 15:16:46,644 - calendar_sync - INFO - 获取从 2025-03-18 到 2025-03-25 的日历事件
2025-03-18 15:16:46,648 - calendar_sync - INFO - 成功创建ICS文件，包含 19 个事件
2025-03-18 15:16:46,648 - calendar_sync - INFO - ICS文件已生成: calendar_files/wsc_events.ics
2025-03-18 15:16:46,648 - calendar_sync - INFO - 请将此文件导入到iOS日历应用中
2025-03-18 15:16:46,649 - qcloud_cos.cos_client - INFO - generate built-in connection pool success. maxsize=10,10
2025-03-18 15:16:46,649 - qcloud_cos.cos_client - INFO - bound built-in connection pool when new client. maxsize=10,10
2025-03-18 15:16:46,649 - qcloud_cos.cos_client - INFO - put object, url=:https://ios-calendar-1321255062.cos.ap-guangzhou.myqcloud.com/calendar/wsc_events.ics ,headers=:{}
2025-03-18 15:16:48,882 - calendar_sync - INFO - 文件已成功上传到腾讯云COS，对象键为: calendar/wsc_events.ics
2025-03-18 15:16:48,882 - calendar_sync - INFO - 文件URL: https://ios-calendar-1321255062.cos.ap-guangzhou.myqcloud.com/calendar/wsc_events.ics
2025-03-18 15:16:48,882 - calendar_sync - INFO - ICS文件已成功上传到腾讯云COS
2025-03-18 17:21:01,085 - calendar_sync - INFO - 开始获取日历数据
2025-03-18 17:21:01,086 - calendar_sync - INFO - 运行环境: 本地或服务器
2025-03-18 17:21:03,578 - calendar_sync - INFO - 成功获取日历数据，共 21 条记录
2025-03-18 17:21:03,578 - calendar_sync - ERROR - 创建输出目录时出错: cannot access local variable 'OUTPUT_DIR' where it is not associated with a value
2025-03-18 17:21:03,578 - calendar_sync - INFO - 处理所有日历事件，不进行日期过滤
2025-03-18 17:21:03,586 - calendar_sync - INFO - 成功创建ICS文件，包含 21 个事件
2025-03-18 17:21:03,587 - calendar_sync - INFO - ICS文件保存位置: /Users/kuncai/dev/ics-demo/calendar_files/wsc_events.ics
2025-03-18 17:21:03,587 - calendar_sync - INFO - ICS文件已生成: calendar_files/wsc_events.ics
2025-03-18 17:21:03,587 - calendar_sync - INFO - 请将此文件导入到iOS日历应用中
2025-03-18 17:21:03,587 - qcloud_cos.cos_client - INFO - generate built-in connection pool success. maxsize=10,10
2025-03-18 17:21:03,587 - qcloud_cos.cos_client - INFO - bound built-in connection pool when new client. maxsize=10,10
2025-03-18 17:21:03,587 - qcloud_cos.cos_client - INFO - put object, url=:https://ios-calendar-1321255062.cos.ap-guangzhou.myqcloud.com/calendar/wsc_events.ics ,headers=:{}
2025-03-18 17:21:03,859 - calendar_sync - INFO - 文件已成功上传到腾讯云COS，对象键为: calendar/wsc_events.ics
2025-03-18 17:21:03,859 - calendar_sync - INFO - 文件URL: https://ios-calendar-1321255062.cos.ap-guangzhou.myqcloud.com/calendar/wsc_events.ics
2025-03-18 17:21:03,859 - calendar_sync - INFO - ICS文件已成功上传到腾讯云COS
2025-03-18 17:21:42,354 - calendar_sync - INFO - 开始获取日历数据
2025-03-18 17:21:42,355 - calendar_sync - INFO - 运行环境: 本地或服务器
2025-03-18 17:21:46,549 - calendar_sync - INFO - 成功获取日历数据，共 21 条记录
2025-03-18 17:21:46,549 - calendar_sync - INFO - 创建或确认输出目录: calendar_files
2025-03-18 17:21:46,549 - calendar_sync - INFO - 处理所有日历事件，不进行日期过滤
2025-03-18 17:21:46,556 - calendar_sync - INFO - 成功创建ICS文件，包含 21 个事件
2025-03-18 17:21:46,557 - calendar_sync - INFO - ICS文件保存位置: /Users/kuncai/dev/ics-demo/calendar_files/wsc_events.ics
2025-03-18 17:21:46,557 - calendar_sync - INFO - ICS文件已生成: calendar_files/wsc_events.ics
2025-03-18 17:21:46,557 - calendar_sync - INFO - 请将此文件导入到iOS日历应用中
2025-03-18 17:21:46,557 - qcloud_cos.cos_client - INFO - generate built-in connection pool success. maxsize=10,10
2025-03-18 17:21:46,557 - qcloud_cos.cos_client - INFO - bound built-in connection pool when new client. maxsize=10,10
2025-03-18 17:21:46,557 - qcloud_cos.cos_client - INFO - put object, url=:https://ios-calendar-1321255062.cos.ap-guangzhou.myqcloud.com/calendar/wsc_events.ics ,headers=:{}
2025-03-18 17:21:46,772 - calendar_sync - INFO - 文件已成功上传到腾讯云COS，对象键为: calendar/wsc_events.ics
2025-03-18 17:21:46,773 - calendar_sync - INFO - 文件URL: https://ios-calendar-1321255062.cos.ap-guangzhou.myqcloud.com/calendar/wsc_events.ics
2025-03-18 17:21:46,773 - calendar_sync - INFO - ICS文件已成功上传到腾讯云COS
